The system is: Windows - 10.0.19043 - AMD64
Compiling the C compiler identification source file "CMakeCCompilerId.c" succeeded.
Compiler:  
Build flags: 
Id flags:  

The output was:
0
Microsoft (R) Build Engine version 16.10.0+4242f381a for .NET Framework
Copyright (C) Microsoft Corporation. All rights reserved.

Build started 9/24/2021 6:34:23 PM.
Project "D:\Professional\Polito\System and Device Programming\Project\Repository\graph-coloring\build\CMakeFiles\3.20.21032501-MSVC_2\CompilerIdC\CompilerIdC.vcxproj" on node 1 (default targets).
PrepareForBuild:
  Creating directory "Debug\".
  Creating directory "Debug\CompilerIdC.tlog\".
InitializeBuildStatus:
  Creating "Debug\CompilerIdC.tlog\unsuccessfulbuild" because "AlwaysCreate" was specified.
ClCompile:
  C:\Program Files (x86)\Microsoft Visual Studio\2019\Professional\VC\Tools\MSVC\14.29.30037\bin\HostX86\arm64\CL.exe /c /nologo /W0 /WX- /diagnostics:column /Od /Oy- /D _ARM64_WINAPI_PARTITION_DESKTOP_SDK_AVAILABLE=1 /D _MBCS /Gm- /EHsc /RTC1 /MDd /GS /fp:precise /Zc:wchar_t /Zc:forScope /Zc:inline /Fo"Debug\\" /Fd"Debug\vc142.pdb" /external:env:EXTERNAL_INCLUDE /external:W0 /Gd /TC /analyze- /FC /errorReport:queue CMakeCCompilerId.c
  CMakeCCompilerId.c
Link:
  C:\Program Files (x86)\Microsoft Visual Studio\2019\Professional\VC\Tools\MSVC\14.29.30037\bin\HostX86\arm64\link.exe /ERRORREPORT:QUEUE /OUT:".\CompilerIdC.exe" /INCREMENTAL:NO /NOLOGO kernel32.lib user32.lib gdi32.lib winspool.lib comdlg32.lib advapi32.lib shell32.lib ole32.lib oleaut32.lib uuid.lib odbc32.lib odbccp32.lib /MANIFEST /MANIFESTUAC:"level='asInvoker' uiAccess='false'" /manifest:embed /PDB:".\CompilerIdC.pdb" /SUBSYSTEM:CONSOLE /TLBID:1 /DYNAMICBASE /NXCOMPAT /IMPLIB:".\CompilerIdC.lib" /MACHINE:ARM64 Debug\CMakeCCompilerId.obj
  CompilerIdC.vcxproj -> D:\Professional\Polito\System and Device Programming\Project\Repository\graph-coloring\build\CMakeFiles\3.20.21032501-MSVC_2\CompilerIdC\CompilerIdC.exe
PostBuildEvent:
  for %%i in (cl.exe) do @echo CMAKE_C_COMPILER=%%~$PATH:i
  :VCEnd
  CMAKE_C_COMPILER=C:\Program Files (x86)\Microsoft Visual Studio\2019\Professional\VC\Tools\MSVC\14.29.30037\bin\Hostx86\arm64\cl.exe
FinalizeBuildStatus:
  Deleting file "Debug\CompilerIdC.tlog\unsuccessfulbuild".
  Touching "Debug\CompilerIdC.tlog\CompilerIdC.lastbuildstate".
Done Building Project "D:\Professional\Polito\System and Device Programming\Project\Repository\graph-coloring\build\CMakeFiles\3.20.21032501-MSVC_2\CompilerIdC\CompilerIdC.vcxproj" (default targets).

Build succeeded.
    0 Warning(s)
    0 Error(s)

Time Elapsed 00:00:01.00


Compilation of the C compiler identification source "CMakeCCompilerId.c" produced "CompilerIdC.exe"

Compilation of the C compiler identification source "CMakeCCompilerId.c" produced "CompilerIdC.vcxproj"

The C compiler identification is MSVC, found in "D:/Professional/Polito/System and Device Programming/Project/Repository/graph-coloring/build/CMakeFiles/3.20.21032501-MSVC_2/CompilerIdC/CompilerIdC.exe"

Compiling the CXX compiler identification source file "CMakeCXXCompilerId.cpp" succeeded.
Compiler:  
Build flags: 
Id flags:  

The output was:
0
Microsoft (R) Build Engine version 16.10.0+4242f381a for .NET Framework
Copyright (C) Microsoft Corporation. All rights reserved.

Build started 9/24/2021 6:34:24 PM.
Project "D:\Professional\Polito\System and Device Programming\Project\Repository\graph-coloring\build\CMakeFiles\3.20.21032501-MSVC_2\CompilerIdCXX\CompilerIdCXX.vcxproj" on node 1 (default targets).
PrepareForBuild:
  Creating directory "Debug\".
  Creating directory "Debug\CompilerIdCXX.tlog\".
InitializeBuildStatus:
  Creating "Debug\CompilerIdCXX.tlog\unsuccessfulbuild" because "AlwaysCreate" was specified.
ClCompile:
  C:\Program Files (x86)\Microsoft Visual Studio\2019\Professional\VC\Tools\MSVC\14.29.30037\bin\HostX86\arm64\CL.exe /c /nologo /W0 /WX- /diagnostics:column /Od /Oy- /D _ARM64_WINAPI_PARTITION_DESKTOP_SDK_AVAILABLE=1 /D _MBCS /Gm- /EHsc /RTC1 /MDd /GS /fp:precise /Zc:wchar_t /Zc:forScope /Zc:inline /Fo"Debug\\" /Fd"Debug\vc142.pdb" /external:env:EXTERNAL_INCLUDE /external:W0 /Gd /TP /analyze- /FC /errorReport:queue CMakeCXXCompilerId.cpp
  CMakeCXXCompilerId.cpp
Link:
  C:\Program Files (x86)\Microsoft Visual Studio\2019\Professional\VC\Tools\MSVC\14.29.30037\bin\HostX86\arm64\link.exe /ERRORREPORT:QUEUE /OUT:".\CompilerIdCXX.exe" /INCREMENTAL:NO /NOLOGO kernel32.lib user32.lib gdi32.lib winspool.lib comdlg32.lib advapi32.lib shell32.lib ole32.lib oleaut32.lib uuid.lib odbc32.lib odbccp32.lib /MANIFEST /MANIFESTUAC:"level='asInvoker' uiAccess='false'" /manifest:embed /PDB:".\CompilerIdCXX.pdb" /SUBSYSTEM:CONSOLE /TLBID:1 /DYNAMICBASE /NXCOMPAT /IMPLIB:".\CompilerIdCXX.lib" /MACHINE:ARM64 Debug\CMakeCXXCompilerId.obj
  CompilerIdCXX.vcxproj -> D:\Professional\Polito\System and Device Programming\Project\Repository\graph-coloring\build\CMakeFiles\3.20.21032501-MSVC_2\CompilerIdCXX\CompilerIdCXX.exe
PostBuildEvent:
  for %%i in (cl.exe) do @echo CMAKE_CXX_COMPILER=%%~$PATH:i
  :VCEnd
  CMAKE_CXX_COMPILER=C:\Program Files (x86)\Microsoft Visual Studio\2019\Professional\VC\Tools\MSVC\14.29.30037\bin\Hostx86\arm64\cl.exe
FinalizeBuildStatus:
  Deleting file "Debug\CompilerIdCXX.tlog\unsuccessfulbuild".
  Touching "Debug\CompilerIdCXX.tlog\CompilerIdCXX.lastbuildstate".
Done Building Project "D:\Professional\Polito\System and Device Programming\Project\Repository\graph-coloring\build\CMakeFiles\3.20.21032501-MSVC_2\CompilerIdCXX\CompilerIdCXX.vcxproj" (default targets).

Build succeeded.
    0 Warning(s)
    0 Error(s)

Time Elapsed 00:00:01.03


Compilation of the CXX compiler identification source "CMakeCXXCompilerId.cpp" produced "CompilerIdCXX.exe"

Compilation of the CXX compiler identification source "CMakeCXXCompilerId.cpp" produced "CompilerIdCXX.vcxproj"

The CXX compiler identification is MSVC, found in "D:/Professional/Polito/System and Device Programming/Project/Repository/graph-coloring/build/CMakeFiles/3.20.21032501-MSVC_2/CompilerIdCXX/CompilerIdCXX.exe"

Detecting C compiler ABI info compiled with the following output:
Change Dir: D:/Professional/Polito/System and Device Programming/Project/Repository/graph-coloring/build/CMakeFiles/CMakeTmp

Run Build Command(s):C:/Program Files (x86)/Microsoft Visual Studio/2019/Professional/MSBuild/Current/Bin/MSBuild.exe cmTC_1b4a3.vcxproj /p:Configuration=Debug /p:Platform=arm64 /p:VisualStudioVersion=16.0 /v:m && Microsoft (R) Build Engine version 16.10.0+4242f381a for .NET Framework
Copyright (C) Microsoft Corporation. All rights reserved.

  Microsoft (R) C/C++ Optimizing Compiler Version 19.29.30037 for ARM64
  Copyright (C) Microsoft Corporation.  All rights reserved.
  CMakeCCompilerABI.c
  cl /c /Zi /W1 /WX- /diagnostics:column /Od /Ob0 /Oy- /D WIN32 /D _WINDOWS /D "CMAKE_INTDIR=\"Debug\"" /D _ARM64_WINAPI_PARTITION_DESKTOP_SDK_AVAILABLE=1 /D _MBCS /Gm- /RTC1 /MDd /GS /fp:precise /Zc:wchar_t /Zc:forScope /Zc:inline /Fo"cmTC_1b4a3.dir\Debug\\" /Fd"cmTC_1b4a3.dir\Debug\vc142.pdb" /external:env:EXTERNAL_INCLUDE /external:W1 /Gd /TC /analyze- /errorReport:queue "C:\Program Files (x86)\Microsoft Visual Studio\2019\Professional\Common7\IDE\CommonExtensions\Microsoft\CMake\CMake\share\cmake-3.20\Modules\CMakeCCompilerABI.c"
  cmTC_1b4a3.vcxproj -> D:\Professional\Polito\System and Device Programming\Project\Repository\graph-coloring\build\CMakeFiles\CMakeTmp\Debug\cmTC_1b4a3.exe



Detecting CXX compiler ABI info compiled with the following output:
Change Dir: D:/Professional/Polito/System and Device Programming/Project/Repository/graph-coloring/build/CMakeFiles/CMakeTmp

Run Build Command(s):C:/Program Files (x86)/Microsoft Visual Studio/2019/Professional/MSBuild/Current/Bin/MSBuild.exe cmTC_8c715.vcxproj /p:Configuration=Debug /p:Platform=arm64 /p:VisualStudioVersion=16.0 /v:m && Microsoft (R) Build Engine version 16.10.0+4242f381a for .NET Framework
Copyright (C) Microsoft Corporation. All rights reserved.

  Microsoft (R) C/C++ Optimizing Compiler Version 19.29.30037 for ARM64
  Copyright (C) Microsoft Corporation.  All rights reserved.
  CMakeCXXCompilerABI.cpp
  cl /c /Zi /W1 /WX- /diagnostics:column /Od /Ob0 /Oy- /D WIN32 /D _WINDOWS /D "CMAKE_INTDIR=\"Debug\"" /D _ARM64_WINAPI_PARTITION_DESKTOP_SDK_AVAILABLE=1 /D _MBCS /Gm- /EHsc /RTC1 /MDd /GS /fp:precise /Zc:wchar_t /Zc:forScope /Zc:inline /GR /Fo"cmTC_8c715.dir\Debug\\" /Fd"cmTC_8c715.dir\Debug\vc142.pdb" /external:env:EXTERNAL_INCLUDE /external:W1 /Gd /TP /analyze- /errorReport:queue "C:\Program Files (x86)\Microsoft Visual Studio\2019\Professional\Common7\IDE\CommonExtensions\Microsoft\CMake\CMake\share\cmake-3.20\Modules\CMakeCXXCompilerABI.cpp"
  cmTC_8c715.vcxproj -> D:\Professional\Polito\System and Device Programming\Project\Repository\graph-coloring\build\CMakeFiles\CMakeTmp\Debug\cmTC_8c715.exe



